[INFO]  JReleaser 1.17.0
------------------------------------------------------------
jreleaser 1.17.0
------------------------------------------------------------
Build time:   2025-02-28 07:33:53Z
Revision:     30d1905d021c89f769520d13b8d143918abec3ff
JVM:          23 (Oracle Corporation 23+37-jvmci-b01)
------------------------------------------------------------
[INFO]    - basedir set to C:\Users\clevallois.GOBELINS\open\nocode-app-functions\umigon-lemmatizer-lightweight
[INFO]    - outputdir set to C:\Users\clevallois.GOBELINS\open\nocode-app-functions\umigon-lemmatizer-lightweight\target\jreleaser
[DEBUG]   - basedir set to C:\Users\clevallois.GOBELINS\open\nocode-app-functions\umigon-lemmatizer-lightweight
[DEBUG]   - baseOutputDirectory set to C:\Users\clevallois.GOBELINS\open\nocode-app-functions\umigon-lemmatizer-lightweight\target
[DEBUG]   - outputDirectory set to C:\Users\clevallois.GOBELINS\open\nocode-app-functions\umigon-lemmatizer-lightweight\target\jreleaser
[DEBUG]   - checksumDirectory set to C:\Users\clevallois.GOBELINS\open\nocode-app-functions\umigon-lemmatizer-lightweight\target\jreleaser\checksums
[DEBUG]   - catalogsDirectory set to C:\Users\clevallois.GOBELINS\open\nocode-app-functions\umigon-lemmatizer-lightweight\target\jreleaser\catalogs
[DEBUG]   - signaturesDirectory set to C:\Users\clevallois.GOBELINS\open\nocode-app-functions\umigon-lemmatizer-lightweight\target\jreleaser\signatures
[DEBUG]   - prepareDirectory set to C:\Users\clevallois.GOBELINS\open\nocode-app-functions\umigon-lemmatizer-lightweight\target\jreleaser\prepare
[DEBUG]   - packageDirectory set to C:\Users\clevallois.GOBELINS\open\nocode-app-functions\umigon-lemmatizer-lightweight\target\jreleaser\package
[DEBUG]   - downloadDirectory set to C:\Users\clevallois.GOBELINS\open\nocode-app-functions\umigon-lemmatizer-lightweight\target\jreleaser\download
[DEBUG]   - assembleDirectory set to C:\Users\clevallois.GOBELINS\open\nocode-app-functions\umigon-lemmatizer-lightweight\target\jreleaser\assemble
[DEBUG]   - artifactsDirectory set to C:\Users\clevallois.GOBELINS\open\nocode-app-functions\umigon-lemmatizer-lightweight\target\jreleaser\artifacts
[DEBUG]   - deployDirectory set to C:\Users\clevallois.GOBELINS\open\nocode-app-functions\umigon-lemmatizer-lightweight\target\jreleaser\deploy
[INFO]  git-root-search set to false
[INFO]  Loading variables from C:\Users\clevallois.GOBELINS\.jreleaser\config.properties
[WARN]  Variables source C:\Users\clevallois.GOBELINS\.jreleaser\config.properties does not exist
[INFO]  Validating configuration
[INFO]  Strict mode set to false
[DEBUG]   [validation] --== ASSEMBLE ==--
[DEBUG]   [validation] hooks
[DEBUG]   [validation] hooks.command
[DEBUG]   [validation] - disabled
[DEBUG]   [validation] hooks.script
[DEBUG]   [validation] - disabled
[DEBUG]   [validation] - disabled
[DEBUG]   [validation] project
[DEBUG]   [validation] project.languages.java
[DEBUG]   [validation] download
[DEBUG]   [validation] catalog.swid
[DEBUG]   [validation] catalog.swid.swid-tag
[DEBUG]   [validation] assemble
[DEBUG]   [validation] - disabled
[DEBUG]   [validation] signing
[DEBUG]   [validation] release
[DEBUG]   [validation] release.github
[DEBUG]   [validation] checksum
[DEBUG]   [validation] deploy
[DEBUG]   [validation] deploy.maven
[DEBUG]   [validation] deploy.maven.nexus2
[DEBUG]   [validation] upload
[DEBUG]   [validation] catalog
[DEBUG]   [validation] catalog.sbom
[DEBUG]   [validation] catalog.sbom.cyclonedx
[DEBUG]   [validation] - disabled
[DEBUG]   [validation] catalog.sbom.syft
[DEBUG]   [validation] - disabled
[DEBUG]   [validation] catalog.github
[DEBUG]   [validation] - disabled
[DEBUG]   [validation] catalog.slsa
[DEBUG]   [validation] - disabled
[DEBUG]   [validation] announce
[DEBUG]   [validation] - disabled
[DEBUG]   [postvalidation] project
[DEBUG]   [postvalidation] assemble
[DEBUG]   [postvalidation] assemble.deb
[DEBUG]   [postvalidation] assemble.jpackage
environment:
 
hooks:
    enabled: false
    active: NEVER
    command:
        enabled: false
        active: NEVER
    script:
        enabled: false
        active: NEVER
 
project:
    name: umigon-lemmatizer-lightweight
    version: 0.13
    versionPattern: SEMVER
    snapshot:
        enabled: false
        pattern: .*-SNAPSHOT
        label: early-access
        fullChangelog: false
    description: because we don't always need a lemmatizer the size of hundreds of Mb. Handles English, French and Spanish.
    license: Creative Commons Attribution 4.0 International Public License
    inceptionYear: 2013
    authors:
        Clement Levallois
    stereotype: NONE
    links:
        homepage: https://github.com/seinecle/umigon-lemmatizer-lightweight
        documentation: https://github.com/seinecle/umigon-lemmatizer-lightweight
        license: https://creativecommons.org/licenses/by/4.0/legalcode
        bugTracker: https://{{repoHost}}/{{repoOwner}}/{{repoName}}/issues
        vcsBrowser: https://{{repoHost}}/{{repoOwner}}/{{repoName}}
    extraProperties:
        versionMajor: 0
        versionMinor: 13
        versionNumber: 0.13
        versionWithUnderscores: 0_13
        versionWithDashes: 0-13
        versionNumberWithUnderscores: 0_13
        versionNumberWithDashes: 0-13
        effectiveVersionWithUnderscores: 0_13
        effectiveVersionWithDashes: 0-13
    languages:
        java:
            enabled: true
            version: 17
            groupId: net.clementlevallois.functions
            artifactId: umigon-lemmatizer-lightweight
            jvmOptions:
            environmentVariables:
            multiProject: false
 
platform:
 
release:
    github:
        enabled: true
        host: github.com
        owner: seinecle
        name: umigon-lemmatizer-lightweight
        username: seinecle
        token: **unset**
        artifacts: true
        files: true
        checksums: true
        catalogs: true
        signatures: true
        repoUrl: https://{{repoHost}}/{{repoOwner}}/{{repoName}}
        repoCloneUrl: https://{{repoHost}}/{{repoOwner}}/{{repoName}}.git
        commitUrl: https://{{repoHost}}/{{repoOwner}}/{{repoName}}/commits
        srcUrl: https://{{repoHost}}/{{repoOwner}}/{{repoName}}/blob/{{repoBranch}}
        downloadUrl: https://{{repoHost}}/{{repoOwner}}/{{repoName}}/releases/download/{{tagName}}/{{artifactFile}}
        releaseNotesUrl: https://{{repoHost}}/{{repoOwner}}/{{repoName}}/releases/tag/{{tagName}}
        latestReleaseUrl: https://{{repoHost}}/{{repoOwner}}/{{repoName}}/releases/latest
        issueTrackerUrl: https://{{repoHost}}/{{repoOwner}}/{{repoName}}/issues
        tagName: v{{projectVersion}}
        releaseName: Release {{tagName}}
        branch: main
        branchPush: main
        commitAuthor:
            name: jreleaserbot
            email: jreleaser@kordamp.org
        sign: false
        skipTag: false
        skipRelease: false
        overwrite: false
        update:
            enabled: false
        apiEndpoint: https://api.github.com
        connectTimeout: 20
        readTimeout: 60
        changelog:
            enabled: true
            append:
                enabled: false
            links: false
            skipMergeCommits: false
            hide:
            contributors:
        milestone:
            name: {{tagName}}
            close: true
        issues:
            enabled: false
            comment: 🎉 This issue has been resolved in `{{tagName}}` ([Release Notes]({{releaseNotesUrl}}))
            label:
                name: released
                color: #FF0000
                description: Issue has been released
        prerelease:
            enabled: false
        draft: false
        releaseNotes:
            enabled: false
 
checksum:
    name: checksums.txt
    individual: false
    algorithms:
        SHA_256
    artifacts: true
    files: true
 
signing:
    enabled: true
    active: ALWAYS
    armored: true
    verify: true
    mode: MEMORY
    artifacts: true
    files: true
    checksums: true
    catalogs: true
    passphrase: **unset**
    publicKey: **unset**
    secretKey: **unset**
 
announce:
    enabled: true
    article:
        enabled: false
        commitAuthor:
        repository:
            enabled: false
            name: article
            token: **unset**
    bluesky:
        enabled: false
        handle: **unset**
        password: **unset**
    discord:
        enabled: false
        webhook: **unset**
    discourse:
        enabled: false
        apiKey: **unset**
        username: **unset**
    discussions:
        enabled: false
    gitter:
        enabled: false
        webhook: **unset**
    googlechat:
        enabled: false
        webhook: **unset**
    linkedin:
        enabled: false
        owner: **unset**
        accessToken: **unset**
    smtp:
        enabled: false
        auth: false
        password: **unset**
    mastodon:
        enabled: false
        accessToken: **unset**
    mattermost:
        enabled: false
        webhook: **unset**
        structuredMessage: true
    opencollective:
        enabled: false
        token: **unset**
    sdkman:
        enabled: false
        consumerKey: **unset**
        consumerToken: **unset**
    slack:
        enabled: false
        webhook: **unset**
        token: **unset**
    teams:
        enabled: false
        webhook: **unset**
    telegram:
        enabled: false
        token: **unset**
        chatId: **unset**
    twitter:
        enabled: false
        consumerKey: **unset**
        consumerSecret: **unset**
        accessToken: **unset**
        accessTokenSecret: **unset**
    zulip:
        enabled: false
        apiKey: **unset**
 
packagers:
    appimage:
        enabled: false
        continueOnError: false
        commitAuthor:
        requiresTerminal: false
        repository:
            enabled: false
            name: appimage
            token: **unset**
    asdf:
        enabled: false
        continueOnError: false
        commitAuthor:
        repository:
            enabled: false
            name: asdf
            token: **unset**
    brew:
        enabled: false
        continueOnError: false
        commitAuthor:
        multiPlatform: false
        repository:
            enabled: false
            name: homebrew-tap
            token: **unset**
        cask:
            enabled: false
    chocolatey:
        enabled: false
        continueOnError: false
        commitAuthor:
        apiKey: **unset**
        remoteBuild: false
        repository:
            enabled: false
            name: chocolatey-bucket
            token: **unset**
    docker:
        enabled: false
        useLocalArtifact: true
        buildx:
            enabled: false
            createBuilder: true
        commitAuthor:
        repository:
            enabled: false
            name: docker
            token: **unset**
            versionedSubfolders: false
        continueOnError: false
    flatpak:
        enabled: false
        continueOnError: false
        commitAuthor:
        repository:
            enabled: false
            name: flatpak
            token: **unset**
    gofish:
        enabled: false
        continueOnError: false
        commitAuthor:
        repository:
            enabled: false
            name: fish-food
            token: **unset**
    jbang:
        enabled: false
        continueOnError: false
        commitAuthor:
        repository:
            enabled: false
            name: jbang-catalog
            token: **unset**
    jib:
        enabled: false
        commitAuthor:
        repository:
            enabled: false
            name: jib
            token: **unset**
            versionedSubfolders: false
        continueOnError: false
    macports:
        enabled: false
        continueOnError: false
        commitAuthor:
        repository:
            enabled: false
            name: macports
            token: **unset**
    scoop:
        enabled: false
        continueOnError: false
        commitAuthor:
        repository:
            enabled: false
            name: scoop
            token: **unset**
    sdkman:
        enabled: false
        continueOnError: false
        connectTimeout: 0
        readTimeout: 0
        consumerKey: **unset**
        consumerToken: **unset**
    snap:
        enabled: false
        continueOnError: false
        commitAuthor:
        remoteBuild: false
        repository:
            enabled: false
            name: snap
            token: **unset**
    spec:
        enabled: false
        continueOnError: false
        commitAuthor:
        repository:
            enabled: false
            name: spec
            token: **unset**
    winget:
        enabled: false
        continueOnError: false
        commitAuthor:
        package:
        publisher:
        installer:
            type: WIX
            scope: MACHINE
            upgradeBehavior: INSTALL
            dependencies:
        repository:
            enabled: false
            name: winget
            token: **unset**
 
download:
    enabled: true
 
assemble:
    enabled: false
    active: NEVER
 
deploy:
    enabled: true
    maven:
        enabled: true
        pomchecker:
            version: 1.9.0
            failOnWarning: true
            failOnError: true
            strict: true
        nexus2:
            maven-central:
                enabled: false
                active: ALWAYS
                connectTimeout: 0
                readTimeout: 0
                url: https://s01.oss.sonatype.org/service/local
                username: **unset**
                password: **unset**
                sign: false
                checksums: false
                sourceJar: true
                javadocJar: true
                verifyPom: false
                applyMavenCentralRules: false
                snapshotSupported: true
                stagingRepositories:
                    target/staging-deploy
                closeRepository: true
                releaseRepository: true
                transitionDelay: 0
                transitionMaxRetries: 0
 
upload:
    enabled: true
 
catalog:
    enabled: true
    github:
        enabled: false
        active: NEVER
        artifacts: true
        files: true
        deployables: true
    sbom:
        enabled: true
        cyclonedx:
            enabled: false
            active: NEVER
            distributions: false
            files: false
            pack:
                enabled: false
        syft:
            enabled: false
            active: NEVER
            distributions: false
            files: false
            pack:
                enabled: false
    slsa:
        enabled: false
        active: NEVER
        artifacts: true
        files: true
        deployables: true
    swid:
        enabled: false
        active: NEVER
        name: swid-tag
        path: SWIDTAG
        tagId: 331e55d8-1371-3f57-b1da-0792e234aafb
        tagVersion: 1
        lang: en-US
        corpus: false
        patch: false
        entities:
            entity 0:
                name: umigon-lemmatizer-lightweight
                regid: https://github.com/seinecle/umigon-lemmatizer-lightweight
                roles:
                    softwareCreator
                    tagCreator
 
[INFO]  Project version set to 0.13
[INFO]  Release is not snapshot
[INFO]  Timestamp is 2025-03-13T11:32:41.3373604+01:00
[INFO]  HEAD is at b96ab40
[INFO]  Platform is windows-x86_64
[DEBUG] loading extension default-jreleaser-mustache:org.jreleaser.extensions.internal.mustache.DefaultMustacheExtension
[DEBUG] adding org.jreleaser.extensions.internal.mustache.DefaultMustacheExtensionPoint from default-jreleaser-mustache extension
[INFO]  dry-run set to false
[INFO]  Assembling distributions
[INFO]    [assemble] Assembling is not enabled. Skipping
[INFO]  Writing output properties to target\jreleaser\output.properties
[INFO]  JReleaser succeeded after 0.003 s
